Arguments: 
  /Users/cooper.maruyama/.nvm/versions/node/v4.6.2/bin/node /usr/local/bin/yarn init

PATH: 
  /Users/cooper.maruyama/.nvm/versions/node/v4.6.2/bin:/Users/cooper.maruyama/Library/Python/2.7/bin:.git/safe/../../bin:/Users/cooper.maruyama/.bin:/usr/local/sbin:.git/safe/../../bin:/Users/cooper.maruyama/.bin:/usr/local/sbin:/Users/cooper.maruyama/Library/Python/2.7/bin:/usr/local/bin:/usr/local/sbin:/usr/bin:/bin:/usr/sbin:/sbin:.git/safe/../../bin:/Users/cooper.maruyama/.bin

Yarn version: 
  0.17.9

Node version: 
  4.6.2

Platform: 
  darwin x64

npm manifest: 
  {
    "name": "twelvestepmeetings",
    "version": "1.0.0",
    "description": "",
    "main": "index.js",
    "scripts": {
      "lint": "eslint src tools",
      "test": "mocha \"src/**/*.test.js\" --require babel-register --require test/setup.js",
      "test:watch": "npm run test -- --reporter min --watch",
      "clean": "babel-node tools/run clean",
      "copy": "babel-node tools/run copy",
      "bundle": "babel-node tools/run bundle",
      "build": "babel-node tools/run build",
      "deploy": "babel-node tools/run deployToAzureWebApps",
      "render": "babel-node tools/run render",
      "serve": "babel-node tools/run runServer",
      "start": "babel-node tools/run start"
    },
    "repository": {
      "type": "git",
      "url": "git+https://github.com/twelvestepmeetings/twelvestepmeetings.git"
    },
    "author": "",
    "license": "ISC",
    "bugs": {
      "url": "https://github.com/twelvestepmeetings/twelvestepmeetings/issues"
    },
    "homepage": "https://github.com/twelvestepmeetings/twelvestepmeetings#readme",
    "dependencies": {
      "apollo-client": "^0.5.8",
      "apollo-server": "^0.3.3",
      "babel-polyfill": "6.16.0",
      "babel-runtime": "6.18.0",
      "body-parser": "1.15.2",
      "cookie-parser": "1.4.3",
      "core-js": "2.4.1",
      "express": "4.14.0",
      "express-jwt": "5.1.0",
      "fastclick": "1.0.6",
      "fbjs": "0.8.6",
      "graphql": "^0.7.2",
      "graphql-tag": "^1.0.0",
      "graphql-tools": "^0.8.3",
      "history": "4.4.0",
      "jsonwebtoken": "7.1.9",
      "node-fetch": "1.6.3",
      "pretty-error": "2.0.2",
      "query-string": "4.2.3",
      "react": "^15.4.0",
      "react-apollo": "^0.6.0",
      "react-dom": "15.4.0",
      "redux": "^3.6.0",
      "sequelize": "3.27.0",
      "source-map-support": "0.4.6",
      "sqlite3": "3.1.8",
      "whatwg-fetch": "2.0.1"
    },
    "devDependencies": {
      "assets-webpack-plugin": "^3.5.0",
      "autoprefixer": "^6.5.3",
      "babel-cli": "^6.18.0",
      "babel-core": "^6.18.2",
      "babel-eslint": "^7.1.1",
      "babel-loader": "^6.2.8",
      "babel-plugin-rewire": "^1.0.0",
      "babel-plugin-transform-runtime": "^6.15.0",
      "babel-preset-latest": "^6.16.0",
      "babel-preset-react": "^6.16.0",
      "babel-preset-react-optimize": "^1.0.1",
      "babel-preset-stage-0": "^6.16.0",
      "babel-register": "^6.18.0",
      "babel-template": "^6.16.0",
      "babel-types": "^6.19.0",
      "browser-sync": "^2.18.2",
      "chai": "^3.5.0",
      "enzyme": "^2.6.0",
      "eslint": "^3.11.1",
      "eslint-config-airbnb-base": "^10.0.1",
      "eslint-loader": "^1.6.1",
      "eslint-plugin-import": "^2.2.0",
      "eslint-plugin-react": "^6.7.1",
      "extend": "^3.0.0",
      "file-loader": "^0.9.0",
      "gaze": "^1.1.2",
      "git-repository": "^0.1.4",
      "glob": "^7.1.1",
      "json-loader": "^0.5.4",
      "mkdirp": "^0.5.1",
      "mocha": "^3.1.2",
      "raw-loader": "^0.5.1",
      "react-addons-test-utils": "15.4.0",
      "react-deep-force-update": "^2.0.1",
      "react-hot-loader": "^3.0.0-beta.6",
      "redbox-react": "^1.3.3",
      "rimraf": "^2.5.4",
      "sinon": "^2.0.0-pre.3",
      "url-loader": "^0.5.7",
      "webpack": "^1.13.3",
      "webpack-hot-middleware": "^2.13.2",
      "webpack-middleware": "^1.5.1"
    }
  }

yarn manifest: 
  No manifest

Lockfile: 
  No lockfile

Trace: 
  TypeError: Cannot convert object to primitive value
      at Object.<anonymous> (/usr/local/Cellar/yarn/0.17.9/libexec/lib/node_modules/yarn/lib-legacy/cli/commands/init.js:99:27)
      at next (native)
      at step (/usr/local/Cellar/yarn/0.17.9/libexec/lib/node_modules/yarn/node_modules/babel-runtime/helpers/asyncToGenerator.js:17:30)
      at /usr/local/Cellar/yarn/0.17.9/libexec/lib/node_modules/yarn/node_modules/babel-runtime/helpers/asyncToGenerator.js:28:13
      at run (/usr/local/Cellar/yarn/0.17.9/libexec/lib/node_modules/yarn/node_modules/core-js/library/modules/es6.promise.js:87:22)
      at /usr/local/Cellar/yarn/0.17.9/libexec/lib/node_modules/yarn/node_modules/core-js/library/modules/es6.promise.js:100:28
      at flush (/usr/local/Cellar/yarn/0.17.9/libexec/lib/node_modules/yarn/node_modules/core-js/library/modules/_microtask.js:18:9)
      at nextTickCallbackWith0Args (node.js:436:9)
      at process._tickCallback (node.js:365:13)
